00:00:11.926 [main] INFO  my.App - Starting App on LAPTOP-QHEN0CES with PID 7292 (D:\pro\eclipsePro\myspringboot\swaggerdemo\target\classes started by wlg11 in D:\pro\eclipsePro\myspringboot\swaggerdemo)
00:00:11.927 [main] INFO  my.App - No active profile set, falling back to default profiles: default
00:00:11.969 [main] INFO  o.s.b.c.e.AnnotationConfigEmbeddedWebApplicationContext - Refreshing org.springframework.boot.context.embedded.AnnotationConfigEmbeddedWebApplicationContext@3b938003: startup date [Wed Sep 02 00:00:11 CST 2020]; root of context hierarchy
00:00:12.207 [background-preinit] INFO  o.h.validator.internal.util.Version - HV000001: Hibernate Validator 5.3.6.Final
00:00:13.662 [main] INFO  o.s.b.c.e.t.TomcatEmbeddedServletContainer - Tomcat initialized with port(s): 8081 (http)
00:00:13.672 [main] INFO  o.a.catalina.core.StandardService - Starting service [Tomcat]
00:00:13.674 [main] INFO  o.a.catalina.core.StandardEngine - Starting Servlet Engine: Apache Tomcat/8.5.23
00:00:13.786 [localhost-startStop-1] INFO  o.a.c.c.C.[Tomcat].[localhost].[/] - Initializing Spring embedded WebApplicationContext
00:00:13.786 [localhost-startStop-1] INFO  o.s.web.context.ContextLoader - Root WebApplicationContext: initialization completed in 1818 ms
00:00:13.917 [localhost-startStop-1] INFO  o.s.b.w.s.ServletRegistrationBean - Mapping servlet: 'dispatcherServlet' to [/]
00:00:13.921 [localhost-startStop-1] INFO  o.s.b.w.s.FilterRegistrationBean - Mapping filter: 'characterEncodingFilter' to: [/*]
00:00:13.921 [localhost-startStop-1] INFO  o.s.b.w.s.FilterRegistrationBean - Mapping filter: 'hiddenHttpMethodFilter' to: [/*]
00:00:13.922 [localhost-startStop-1] INFO  o.s.b.w.s.FilterRegistrationBean - Mapping filter: 'httpPutFormContentFilter' to: [/*]
00:00:13.922 [localhost-startStop-1] INFO  o.s.b.w.s.FilterRegistrationBean - Mapping filter: 'requestContextFilter' to: [/*]
00:00:14.288 [main] INFO  o.s.w.s.m.m.a.RequestMappingHandlerMapping - Mapped "{[/getUser],methods=[GET]}" onto public my.db.User my.controller.UserController.getUser()
00:00:14.296 [main] INFO  o.s.w.s.m.m.a.RequestMappingHandlerMapping - Mapped "{[/swagger-resources/configuration/ui]}" onto public org.springframework.http.ResponseEntity<springfox.documentation.swagger.web.UiConfiguration> springfox.documentation.swagger.web.ApiResourceController.uiConfiguration()
00:00:14.297 [main] INFO  o.s.w.s.m.m.a.RequestMappingHandlerMapping - Mapped "{[/swagger-resources]}" onto public org.springframework.http.ResponseEntity<java.util.List<springfox.documentation.swagger.web.SwaggerResource>> springfox.documentation.swagger.web.ApiResourceController.swaggerResources()
00:00:14.298 [main] INFO  o.s.w.s.m.m.a.RequestMappingHandlerMapping - Mapped "{[/swagger-resources/configuration/security]}" onto public org.springframework.http.ResponseEntity<springfox.documentation.swagger.web.SecurityConfiguration> springfox.documentation.swagger.web.ApiResourceController.securityConfiguration()
00:00:14.301 [main] INFO  o.s.w.s.m.m.a.RequestMappingHandlerMapping - Mapped "{[/error]}" onto public org.springframework.http.ResponseEntity<java.util.Map<java.lang.String, java.lang.Object>> org.springframework.boot.autoconfigure.web.BasicErrorController.error(javax.servlet.http.HttpServletRequest)
00:00:14.301 [main] INFO  o.s.w.s.m.m.a.RequestMappingHandlerMapping - Mapped "{[/error],produces=[text/html]}" onto public org.springframework.web.servlet.ModelAndView org.springframework.boot.autoconfigure.web.BasicErrorController.errorHtml(javax.servlet.http.HttpServletRequest,javax.servlet.http.HttpServletResponse)
00:00:14.439 [main] INFO  s.d.s.w.PropertySourcedRequestMappingHandlerMapping - Mapped URL path [/v2/api-docs] onto method [public org.springframework.http.ResponseEntity<springfox.documentation.spring.web.json.Json> springfox.documentation.swagger2.web.Swagger2Controller.getDocumentation(java.lang.String,javax.servlet.http.HttpServletRequest)]
00:00:14.596 [main] INFO  o.s.w.s.m.m.a.RequestMappingHandlerAdapter - Looking for @ControllerAdvice: org.springframework.boot.context.embedded.AnnotationConfigEmbeddedWebApplicationContext@3b938003: startup date [Wed Sep 02 00:00:11 CST 2020]; root of context hierarchy
00:00:14.646 [main] INFO  o.s.w.s.h.SimpleUrlHandlerMapping - Mapped URL path [/webjars/**] onto handler of type [class org.springframework.web.servlet.resource.ResourceHttpRequestHandler]
00:00:14.646 [main] INFO  o.s.w.s.h.SimpleUrlHandlerMapping - Mapped URL path [/**] onto handler of type [class org.springframework.web.servlet.resource.ResourceHttpRequestHandler]
00:00:14.676 [main] INFO  o.s.w.s.h.SimpleUrlHandlerMapping - Mapped URL path [/**/favicon.ico] onto handler of type [class org.springframework.web.servlet.resource.ResourceHttpRequestHandler]
00:00:14.787 [main] INFO  o.s.j.e.a.AnnotationMBeanExporter - Registering beans for JMX exposure on startup
00:00:14.792 [main] INFO  o.s.c.s.DefaultLifecycleProcessor - Starting beans in phase 2147483647
00:00:14.793 [main] INFO  s.d.s.w.p.DocumentationPluginsBootstrapper - Context refreshed
00:00:14.807 [main] INFO  s.d.s.w.p.DocumentationPluginsBootstrapper - Found 1 custom documentation plugin(s)
00:00:14.833 [main] INFO  s.d.s.w.s.ApiListingReferenceScanner - Scanning for api listing references
00:00:14.891 [main] WARN  o.s.b.c.e.AnnotationConfigEmbeddedWebApplicationContext - Exception encountered during context initialization - cancelling refresh attempt: org.springframework.context.ApplicationContextException: Failed to start bean 'documentationPluginsBootstrapper'; nested exception is com.google.common.util.concurrent.ExecutionError: java.lang.NoSuchMethodError: com.google.common.collect.FluentIterable.concat(Ljava/lang/Iterable;Ljava/lang/Iterable;)Lcom/google/common/collect/FluentIterable;
00:00:14.892 [main] INFO  o.s.j.e.a.AnnotationMBeanExporter - Unregistering JMX-exposed beans on shutdown
00:00:14.897 [main] INFO  o.a.catalina.core.StandardService - Stopping service [Tomcat]
00:00:14.908 [main] INFO  o.s.b.a.l.AutoConfigurationReportLoggingInitializer - 

Error starting ApplicationContext. To display the auto-configuration report re-run your application with 'debug' enabled.
00:00:14.912 [main] ERROR o.s.boot.SpringApplication - Application startup failed
org.springframework.context.ApplicationContextException: Failed to start bean 'documentationPluginsBootstrapper'; nested exception is com.google.common.util.concurrent.ExecutionError: java.lang.NoSuchMethodError: com.google.common.collect.FluentIterable.concat(Ljava/lang/Iterable;Ljava/lang/Iterable;)Lcom/google/common/collect/FluentIterable;
	at org.springframework.context.support.DefaultLifecycleProcessor.doStart(DefaultLifecycleProcessor.java:178)
	at org.springframework.context.support.DefaultLifecycleProcessor.access$200(DefaultLifecycleProcessor.java:50)
	at org.springframework.context.support.DefaultLifecycleProcessor$LifecycleGroup.start(DefaultLifecycleProcessor.java:348)
	at org.springframework.context.support.DefaultLifecycleProcessor.startBeans(DefaultLifecycleProcessor.java:151)
	at org.springframework.context.support.DefaultLifecycleProcessor.onRefresh(DefaultLifecycleProcessor.java:114)
	at org.springframework.context.support.AbstractApplicationContext.finishRefresh(AbstractApplicationContext.java:880)
	at org.springframework.boot.context.embedded.EmbeddedWebApplicationContext.finishRefresh(EmbeddedWebApplicationContext.java:144)
	at org.springframework.context.support.AbstractApplicationContext.refresh(AbstractApplicationContext.java:546)
	at org.springframework.boot.context.embedded.EmbeddedWebApplicationContext.refresh(EmbeddedWebApplicationContext.java:122)
	at org.springframework.boot.SpringApplication.refresh(SpringApplication.java:693)
	at org.springframework.boot.SpringApplication.refreshContext(SpringApplication.java:360)
	at org.springframework.boot.SpringApplication.run(SpringApplication.java:303)
	at org.springframework.boot.SpringApplication.run(SpringApplication.java:1118)
	at org.springframework.boot.SpringApplication.run(SpringApplication.java:1107)
	at my.App.main(App.java:14)
Caused by: com.google.common.util.concurrent.ExecutionError: java.lang.NoSuchMethodError: com.google.common.collect.FluentIterable.concat(Ljava/lang/Iterable;Ljava/lang/Iterable;)Lcom/google/common/collect/FluentIterable;
	at com.google.common.cache.LocalCache$Segment.get(LocalCache.java:2201)
	at com.google.common.cache.LocalCache.get(LocalCache.java:3937)
	at com.google.common.cache.LocalCache.getOrLoad(LocalCache.java:3941)
	at com.google.common.cache.LocalCache$LocalLoadingCache.get(LocalCache.java:4824)
	at springfox.documentation.schema.CachingModelDependencyProvider.dependentModels(CachingModelDependencyProvider.java:58)
	at springfox.documentation.schema.DefaultModelProvider.dependencies(DefaultModelProvider.java:128)
	at springfox.documentation.schema.CachingModelProvider.dependencies(CachingModelProvider.java:68)
	at springfox.documentation.spring.web.scanners.ApiModelReader.populateDependencies(ApiModelReader.java:136)
	at springfox.documentation.spring.web.scanners.ApiModelReader.read(ApiModelReader.java:78)
	at springfox.documentation.spring.web.scanners.ApiListingScanner.scan(ApiListingScanner.java:133)
	at springfox.documentation.spring.web.scanners.ApiDocumentationScanner.scan(ApiDocumentationScanner.java:71)
	at springfox.documentation.spring.web.plugins.DocumentationPluginsBootstrapper.scanDocumentation(DocumentationPluginsBootstrapper.java:101)
	at springfox.documentation.spring.web.plugins.DocumentationPluginsBootstrapper.start(DocumentationPluginsBootstrapper.java:167)
	at org.springframework.context.support.DefaultLifecycleProcessor.doStart(DefaultLifecycleProcessor.java:175)
	... 14 common frames omitted
Caused by: java.lang.NoSuchMethodError: com.google.common.collect.FluentIterable.concat(Ljava/lang/Iterable;Ljava/lang/Iterable;)Lcom/google/common/collect/FluentIterable;
	at springfox.documentation.schema.DefaultModelDependencyProvider.dependentModels(DefaultModelDependencyProvider.java:79)
	at springfox.documentation.schema.CachingModelDependencyProvider$1.load(CachingModelDependencyProvider.java:50)
	at springfox.documentation.schema.CachingModelDependencyProvider$1.load(CachingModelDependencyProvider.java:48)
	at com.google.common.cache.LocalCache$LoadingValueReference.loadFuture(LocalCache.java:3527)
	at com.google.common.cache.LocalCache$Segment.loadSync(LocalCache.java:2319)
	at com.google.common.cache.LocalCache$Segment.lockedGetOrLoad(LocalCache.java:2282)
	at com.google.common.cache.LocalCache$Segment.get(LocalCache.java:2197)
	... 27 common frames omitted
00:01:25.564 [main] INFO  my.App - Starting App on LAPTOP-QHEN0CES with PID 2792 (D:\pro\eclipsePro\myspringboot\swaggerdemo\target\classes started by wlg11 in D:\pro\eclipsePro\myspringboot\swaggerdemo)
00:01:25.565 [main] INFO  my.App - No active profile set, falling back to default profiles: default
00:01:25.605 [main] INFO  o.s.b.c.e.AnnotationConfigEmbeddedWebApplicationContext - Refreshing org.springframework.boot.context.embedded.AnnotationConfigEmbeddedWebApplicationContext@3b938003: startup date [Wed Sep 02 00:01:25 CST 2020]; root of context hierarchy
00:01:25.821 [background-preinit] INFO  o.h.validator.internal.util.Version - HV000001: Hibernate Validator 5.3.6.Final
00:01:27.191 [main] INFO  o.s.b.c.e.t.TomcatEmbeddedServletContainer - Tomcat initialized with port(s): 8081 (http)
00:01:27.205 [main] INFO  o.a.catalina.core.StandardService - Starting service [Tomcat]
00:01:27.206 [main] INFO  o.a.catalina.core.StandardEngine - Starting Servlet Engine: Apache Tomcat/8.5.23
00:01:27.306 [localhost-startStop-1] INFO  o.a.c.c.C.[Tomcat].[localhost].[/] - Initializing Spring embedded WebApplicationContext
00:01:27.307 [localhost-startStop-1] INFO  o.s.web.context.ContextLoader - Root WebApplicationContext: initialization completed in 1702 ms
00:01:27.434 [localhost-startStop-1] INFO  o.s.b.w.s.ServletRegistrationBean - Mapping servlet: 'dispatcherServlet' to [/]
00:01:27.437 [localhost-startStop-1] INFO  o.s.b.w.s.FilterRegistrationBean - Mapping filter: 'characterEncodingFilter' to: [/*]
00:01:27.438 [localhost-startStop-1] INFO  o.s.b.w.s.FilterRegistrationBean - Mapping filter: 'hiddenHttpMethodFilter' to: [/*]
00:01:27.438 [localhost-startStop-1] INFO  o.s.b.w.s.FilterRegistrationBean - Mapping filter: 'httpPutFormContentFilter' to: [/*]
00:01:27.438 [localhost-startStop-1] INFO  o.s.b.w.s.FilterRegistrationBean - Mapping filter: 'requestContextFilter' to: [/*]
00:01:27.803 [main] INFO  o.s.w.s.m.m.a.RequestMappingHandlerMapping - Mapped "{[/getUser],methods=[GET]}" onto public my.db.User my.controller.UserController.getUser()
00:01:27.809 [main] INFO  o.s.w.s.m.m.a.RequestMappingHandlerMapping - Mapped "{[/swagger-resources/configuration/ui]}" onto public org.springframework.http.ResponseEntity<springfox.documentation.swagger.web.UiConfiguration> springfox.documentation.swagger.web.ApiResourceController.uiConfiguration()
00:01:27.810 [main] INFO  o.s.w.s.m.m.a.RequestMappingHandlerMapping - Mapped "{[/swagger-resources]}" onto public org.springframework.http.ResponseEntity<java.util.List<springfox.documentation.swagger.web.SwaggerResource>> springfox.documentation.swagger.web.ApiResourceController.swaggerResources()
00:01:27.810 [main] INFO  o.s.w.s.m.m.a.RequestMappingHandlerMapping - Mapped "{[/swagger-resources/configuration/security]}" onto public org.springframework.http.ResponseEntity<springfox.documentation.swagger.web.SecurityConfiguration> springfox.documentation.swagger.web.ApiResourceController.securityConfiguration()
00:01:27.814 [main] INFO  o.s.w.s.m.m.a.RequestMappingHandlerMapping - Mapped "{[/error]}" onto public org.springframework.http.ResponseEntity<java.util.Map<java.lang.String, java.lang.Object>> org.springframework.boot.autoconfigure.web.BasicErrorController.error(javax.servlet.http.HttpServletRequest)
00:01:27.815 [main] INFO  o.s.w.s.m.m.a.RequestMappingHandlerMapping - Mapped "{[/error],produces=[text/html]}" onto public org.springframework.web.servlet.ModelAndView org.springframework.boot.autoconfigure.web.BasicErrorController.errorHtml(javax.servlet.http.HttpServletRequest,javax.servlet.http.HttpServletResponse)
00:01:27.943 [main] INFO  s.d.s.w.PropertySourcedRequestMappingHandlerMapping - Mapped URL path [/v2/api-docs] onto method [public org.springframework.http.ResponseEntity<springfox.documentation.spring.web.json.Json> springfox.documentation.swagger2.web.Swagger2Controller.getDocumentation(java.lang.String,javax.servlet.http.HttpServletRequest)]
00:01:28.122 [main] INFO  o.s.w.s.m.m.a.RequestMappingHandlerAdapter - Looking for @ControllerAdvice: org.springframework.boot.context.embedded.AnnotationConfigEmbeddedWebApplicationContext@3b938003: startup date [Wed Sep 02 00:01:25 CST 2020]; root of context hierarchy
00:01:28.172 [main] INFO  o.s.w.s.h.SimpleUrlHandlerMapping - Mapped URL path [/webjars/**] onto handler of type [class org.springframework.web.servlet.resource.ResourceHttpRequestHandler]
00:01:28.172 [main] INFO  o.s.w.s.h.SimpleUrlHandlerMapping - Mapped URL path [/**] onto handler of type [class org.springframework.web.servlet.resource.ResourceHttpRequestHandler]
00:01:28.202 [main] INFO  o.s.w.s.h.SimpleUrlHandlerMapping - Mapped URL path [/**/favicon.ico] onto handler of type [class org.springframework.web.servlet.resource.ResourceHttpRequestHandler]
00:01:28.320 [main] INFO  o.s.j.e.a.AnnotationMBeanExporter - Registering beans for JMX exposure on startup
00:01:28.327 [main] INFO  o.s.c.s.DefaultLifecycleProcessor - Starting beans in phase 2147483647
00:01:28.328 [main] INFO  s.d.s.w.p.DocumentationPluginsBootstrapper - Context refreshed
00:01:28.347 [main] INFO  s.d.s.w.p.DocumentationPluginsBootstrapper - Found 1 custom documentation plugin(s)
00:01:28.376 [main] INFO  s.d.s.w.s.ApiListingReferenceScanner - Scanning for api listing references
00:01:28.431 [main] WARN  o.s.b.c.e.AnnotationConfigEmbeddedWebApplicationContext - Exception encountered during context initialization - cancelling refresh attempt: org.springframework.context.ApplicationContextException: Failed to start bean 'documentationPluginsBootstrapper'; nested exception is com.google.common.util.concurrent.ExecutionError: java.lang.NoSuchMethodError: com.google.common.collect.FluentIterable.concat(Ljava/lang/Iterable;Ljava/lang/Iterable;)Lcom/google/common/collect/FluentIterable;
00:01:28.431 [main] INFO  o.s.j.e.a.AnnotationMBeanExporter - Unregistering JMX-exposed beans on shutdown
00:01:28.435 [main] INFO  o.a.catalina.core.StandardService - Stopping service [Tomcat]
00:01:28.444 [main] INFO  o.s.b.a.l.AutoConfigurationReportLoggingInitializer - 

Error starting ApplicationContext. To display the auto-configuration report re-run your application with 'debug' enabled.
00:01:28.447 [main] ERROR o.s.boot.SpringApplication - Application startup failed
org.springframework.context.ApplicationContextException: Failed to start bean 'documentationPluginsBootstrapper'; nested exception is com.google.common.util.concurrent.ExecutionError: java.lang.NoSuchMethodError: com.google.common.collect.FluentIterable.concat(Ljava/lang/Iterable;Ljava/lang/Iterable;)Lcom/google/common/collect/FluentIterable;
	at org.springframework.context.support.DefaultLifecycleProcessor.doStart(DefaultLifecycleProcessor.java:178)
	at org.springframework.context.support.DefaultLifecycleProcessor.access$200(DefaultLifecycleProcessor.java:50)
	at org.springframework.context.support.DefaultLifecycleProcessor$LifecycleGroup.start(DefaultLifecycleProcessor.java:348)
	at org.springframework.context.support.DefaultLifecycleProcessor.startBeans(DefaultLifecycleProcessor.java:151)
	at org.springframework.context.support.DefaultLifecycleProcessor.onRefresh(DefaultLifecycleProcessor.java:114)
	at org.springframework.context.support.AbstractApplicationContext.finishRefresh(AbstractApplicationContext.java:880)
	at org.springframework.boot.context.embedded.EmbeddedWebApplicationContext.finishRefresh(EmbeddedWebApplicationContext.java:144)
	at org.springframework.context.support.AbstractApplicationContext.refresh(AbstractApplicationContext.java:546)
	at org.springframework.boot.context.embedded.EmbeddedWebApplicationContext.refresh(EmbeddedWebApplicationContext.java:122)
	at org.springframework.boot.SpringApplication.refresh(SpringApplication.java:693)
	at org.springframework.boot.SpringApplication.refreshContext(SpringApplication.java:360)
	at org.springframework.boot.SpringApplication.run(SpringApplication.java:303)
	at org.springframework.boot.SpringApplication.run(SpringApplication.java:1118)
	at org.springframework.boot.SpringApplication.run(SpringApplication.java:1107)
	at my.App.main(App.java:14)
Caused by: com.google.common.util.concurrent.ExecutionError: java.lang.NoSuchMethodError: com.google.common.collect.FluentIterable.concat(Ljava/lang/Iterable;Ljava/lang/Iterable;)Lcom/google/common/collect/FluentIterable;
	at com.google.common.cache.LocalCache$Segment.get(LocalCache.java:2201)
	at com.google.common.cache.LocalCache.get(LocalCache.java:3937)
	at com.google.common.cache.LocalCache.getOrLoad(LocalCache.java:3941)
	at com.google.common.cache.LocalCache$LocalLoadingCache.get(LocalCache.java:4824)
	at springfox.documentation.schema.CachingModelDependencyProvider.dependentModels(CachingModelDependencyProvider.java:58)
	at springfox.documentation.schema.DefaultModelProvider.dependencies(DefaultModelProvider.java:128)
	at springfox.documentation.schema.CachingModelProvider.dependencies(CachingModelProvider.java:68)
	at springfox.documentation.spring.web.scanners.ApiModelReader.populateDependencies(ApiModelReader.java:136)
	at springfox.documentation.spring.web.scanners.ApiModelReader.read(ApiModelReader.java:78)
	at springfox.documentation.spring.web.scanners.ApiListingScanner.scan(ApiListingScanner.java:133)
	at springfox.documentation.spring.web.scanners.ApiDocumentationScanner.scan(ApiDocumentationScanner.java:71)
	at springfox.documentation.spring.web.plugins.DocumentationPluginsBootstrapper.scanDocumentation(DocumentationPluginsBootstrapper.java:101)
	at springfox.documentation.spring.web.plugins.DocumentationPluginsBootstrapper.start(DocumentationPluginsBootstrapper.java:167)
	at org.springframework.context.support.DefaultLifecycleProcessor.doStart(DefaultLifecycleProcessor.java:175)
	... 14 common frames omitted
Caused by: java.lang.NoSuchMethodError: com.google.common.collect.FluentIterable.concat(Ljava/lang/Iterable;Ljava/lang/Iterable;)Lcom/google/common/collect/FluentIterable;
	at springfox.documentation.schema.DefaultModelDependencyProvider.dependentModels(DefaultModelDependencyProvider.java:79)
	at springfox.documentation.schema.CachingModelDependencyProvider$1.load(CachingModelDependencyProvider.java:50)
	at springfox.documentation.schema.CachingModelDependencyProvider$1.load(CachingModelDependencyProvider.java:48)
	at com.google.common.cache.LocalCache$LoadingValueReference.loadFuture(LocalCache.java:3527)
	at com.google.common.cache.LocalCache$Segment.loadSync(LocalCache.java:2319)
	at com.google.common.cache.LocalCache$Segment.lockedGetOrLoad(LocalCache.java:2282)
	at com.google.common.cache.LocalCache$Segment.get(LocalCache.java:2197)
	... 27 common frames omitted
00:03:00.911 [main] INFO  my.App - Starting App on LAPTOP-QHEN0CES with PID 14156 (D:\pro\eclipsePro\myspringboot\swaggerdemo\target\classes started by wlg11 in D:\pro\eclipsePro\myspringboot\swaggerdemo)
00:03:00.912 [main] INFO  my.App - No active profile set, falling back to default profiles: default
00:03:00.955 [main] INFO  o.s.b.c.e.AnnotationConfigEmbeddedWebApplicationContext - Refreshing org.springframework.boot.context.embedded.AnnotationConfigEmbeddedWebApplicationContext@f2f2cc1: startup date [Wed Sep 02 00:03:00 CST 2020]; root of context hierarchy
00:03:01.185 [background-preinit] INFO  o.h.validator.internal.util.Version - HV000001: Hibernate Validator 5.3.6.Final
00:03:02.691 [main] INFO  o.s.b.c.e.t.TomcatEmbeddedServletContainer - Tomcat initialized with port(s): 8081 (http)
00:03:02.703 [main] INFO  o.a.catalina.core.StandardService - Starting service [Tomcat]
00:03:02.704 [main] INFO  o.a.catalina.core.StandardEngine - Starting Servlet Engine: Apache Tomcat/8.5.23
00:03:02.823 [localhost-startStop-1] INFO  o.a.c.c.C.[Tomcat].[localhost].[/] - Initializing Spring embedded WebApplicationContext
00:03:02.823 [localhost-startStop-1] INFO  o.s.web.context.ContextLoader - Root WebApplicationContext: initialization completed in 1869 ms
00:03:02.955 [localhost-startStop-1] INFO  o.s.b.w.s.ServletRegistrationBean - Mapping servlet: 'dispatcherServlet' to [/]
00:03:02.959 [localhost-startStop-1] INFO  o.s.b.w.s.FilterRegistrationBean - Mapping filter: 'characterEncodingFilter' to: [/*]
00:03:02.960 [localhost-startStop-1] INFO  o.s.b.w.s.FilterRegistrationBean - Mapping filter: 'hiddenHttpMethodFilter' to: [/*]
00:03:02.960 [localhost-startStop-1] INFO  o.s.b.w.s.FilterRegistrationBean - Mapping filter: 'httpPutFormContentFilter' to: [/*]
00:03:02.960 [localhost-startStop-1] INFO  o.s.b.w.s.FilterRegistrationBean - Mapping filter: 'requestContextFilter' to: [/*]
00:03:03.295 [main] INFO  o.s.w.s.m.m.a.RequestMappingHandlerMapping - Mapped "{[/getUser],methods=[GET]}" onto public my.db.User my.controller.UserController.getUser()
00:03:03.300 [main] INFO  o.s.w.s.m.m.a.RequestMappingHandlerMapping - Mapped "{[/swagger-resources/configuration/security]}" onto public org.springframework.http.ResponseEntity<springfox.documentation.swagger.web.SecurityConfiguration> springfox.documentation.swagger.web.ApiResourceController.securityConfiguration()
00:03:03.300 [main] INFO  o.s.w.s.m.m.a.RequestMappingHandlerMapping - Mapped "{[/swagger-resources]}" onto public org.springframework.http.ResponseEntity<java.util.List<springfox.documentation.swagger.web.SwaggerResource>> springfox.documentation.swagger.web.ApiResourceController.swaggerResources()
00:03:03.301 [main] INFO  o.s.w.s.m.m.a.RequestMappingHandlerMapping - Mapped "{[/swagger-resources/configuration/ui]}" onto public org.springframework.http.ResponseEntity<springfox.documentation.swagger.web.UiConfiguration> springfox.documentation.swagger.web.ApiResourceController.uiConfiguration()
00:03:03.303 [main] INFO  o.s.w.s.m.m.a.RequestMappingHandlerMapping - Mapped "{[/error]}" onto public org.springframework.http.ResponseEntity<java.util.Map<java.lang.String, java.lang.Object>> org.springframework.boot.autoconfigure.web.BasicErrorController.error(javax.servlet.http.HttpServletRequest)
00:03:03.304 [main] INFO  o.s.w.s.m.m.a.RequestMappingHandlerMapping - Mapped "{[/error],produces=[text/html]}" onto public org.springframework.web.servlet.ModelAndView org.springframework.boot.autoconfigure.web.BasicErrorController.errorHtml(javax.servlet.http.HttpServletRequest,javax.servlet.http.HttpServletResponse)
00:03:03.420 [main] INFO  s.d.s.w.PropertySourcedRequestMappingHandlerMapping - Mapped URL path [/v2/api-docs] onto method [public org.springframework.http.ResponseEntity<springfox.documentation.spring.web.json.Json> springfox.documentation.swagger2.web.Swagger2Controller.getDocumentation(java.lang.String,javax.servlet.http.HttpServletRequest)]
00:03:03.582 [main] INFO  o.s.w.s.m.m.a.RequestMappingHandlerAdapter - Looking for @ControllerAdvice: org.springframework.boot.context.embedded.AnnotationConfigEmbeddedWebApplicationContext@f2f2cc1: startup date [Wed Sep 02 00:03:00 CST 2020]; root of context hierarchy
00:03:03.635 [main] INFO  o.s.w.s.h.SimpleUrlHandlerMapping - Mapped URL path [/webjars/**] onto handler of type [class org.springframework.web.servlet.resource.ResourceHttpRequestHandler]
00:03:03.635 [main] INFO  o.s.w.s.h.SimpleUrlHandlerMapping - Mapped URL path [/**] onto handler of type [class org.springframework.web.servlet.resource.ResourceHttpRequestHandler]
00:03:03.667 [main] INFO  o.s.w.s.h.SimpleUrlHandlerMapping - Mapped URL path [/**/favicon.ico] onto handler of type [class org.springframework.web.servlet.resource.ResourceHttpRequestHandler]
00:03:03.777 [main] INFO  o.s.j.e.a.AnnotationMBeanExporter - Registering beans for JMX exposure on startup
00:03:03.782 [main] INFO  o.s.c.s.DefaultLifecycleProcessor - Starting beans in phase 2147483647
00:03:03.782 [main] INFO  s.d.s.w.p.DocumentationPluginsBootstrapper - Context refreshed
00:03:03.795 [main] INFO  s.d.s.w.p.DocumentationPluginsBootstrapper - Found 1 custom documentation plugin(s)
00:03:03.824 [main] INFO  s.d.s.w.s.ApiListingReferenceScanner - Scanning for api listing references
00:03:03.944 [main] INFO  o.a.coyote.http11.Http11NioProtocol - Initializing ProtocolHandler ["http-nio-8081"]
00:03:03.953 [main] INFO  o.a.coyote.http11.Http11NioProtocol - Starting ProtocolHandler ["http-nio-8081"]
00:03:03.966 [main] INFO  o.a.tomcat.util.net.NioSelectorPool - Using a shared selector for servlet write/read
00:03:03.981 [main] INFO  o.s.b.c.e.t.TomcatEmbeddedServletContainer - Tomcat started on port(s): 8081 (http)
00:03:03.985 [main] INFO  my.App - Started App in 3.287 seconds (JVM running for 3.722)
00:04:54.123 [main] INFO  my.App - Starting App on LAPTOP-QHEN0CES with PID 5456 (D:\pro\eclipsePro\myspringboot\swaggerdemo\target\classes started by wlg11 in D:\pro\eclipsePro\myspringboot\swaggerdemo)
00:04:54.129 [main] INFO  my.App - No active profile set, falling back to default profiles: default
00:04:54.178 [main] INFO  o.s.b.c.e.AnnotationConfigEmbeddedWebApplicationContext - Refreshing org.springframework.boot.context.embedded.AnnotationConfigEmbeddedWebApplicationContext@64b0598: startup date [Wed Sep 02 00:04:54 CST 2020]; root of context hierarchy
00:04:54.464 [background-preinit] INFO  o.h.validator.internal.util.Version - HV000001: Hibernate Validator 5.3.6.Final
00:04:56.310 [main] INFO  o.s.b.c.e.t.TomcatEmbeddedServletContainer - Tomcat initialized with port(s): 8081 (http)
00:04:56.322 [main] INFO  o.a.catalina.core.StandardService - Starting service [Tomcat]
00:04:56.323 [main] INFO  o.a.catalina.core.StandardEngine - Starting Servlet Engine: Apache Tomcat/8.5.23
00:04:56.459 [localhost-startStop-1] INFO  o.a.c.c.C.[Tomcat].[localhost].[/] - Initializing Spring embedded WebApplicationContext
00:04:56.459 [localhost-startStop-1] INFO  o.s.web.context.ContextLoader - Root WebApplicationContext: initialization completed in 2281 ms
00:04:56.675 [localhost-startStop-1] INFO  o.s.b.w.s.ServletRegistrationBean - Mapping servlet: 'dispatcherServlet' to [/]
00:04:56.681 [localhost-startStop-1] INFO  o.s.b.w.s.FilterRegistrationBean - Mapping filter: 'characterEncodingFilter' to: [/*]
00:04:56.682 [localhost-startStop-1] INFO  o.s.b.w.s.FilterRegistrationBean - Mapping filter: 'hiddenHttpMethodFilter' to: [/*]
00:04:56.682 [localhost-startStop-1] INFO  o.s.b.w.s.FilterRegistrationBean - Mapping filter: 'httpPutFormContentFilter' to: [/*]
00:04:56.682 [localhost-startStop-1] INFO  o.s.b.w.s.FilterRegistrationBean - Mapping filter: 'requestContextFilter' to: [/*]
00:04:57.187 [main] INFO  o.s.w.s.m.m.a.RequestMappingHandlerMapping - Mapped "{[/getUser],methods=[GET]}" onto public my.db.User my.controller.UserController.getUser()
00:04:57.195 [main] INFO  o.s.w.s.m.m.a.RequestMappingHandlerMapping - Mapped "{[/swagger-resources/configuration/security]}" onto public org.springframework.http.ResponseEntity<springfox.documentation.swagger.web.SecurityConfiguration> springfox.documentation.swagger.web.ApiResourceController.securityConfiguration()
00:04:57.196 [main] INFO  o.s.w.s.m.m.a.RequestMappingHandlerMapping - Mapped "{[/swagger-resources]}" onto public org.springframework.http.ResponseEntity<java.util.List<springfox.documentation.swagger.web.SwaggerResource>> springfox.documentation.swagger.web.ApiResourceController.swaggerResources()
00:04:57.197 [main] INFO  o.s.w.s.m.m.a.RequestMappingHandlerMapping - Mapped "{[/swagger-resources/configuration/ui]}" onto public org.springframework.http.ResponseEntity<springfox.documentation.swagger.web.UiConfiguration> springfox.documentation.swagger.web.ApiResourceController.uiConfiguration()
00:04:57.201 [main] INFO  o.s.w.s.m.m.a.RequestMappingHandlerMapping - Mapped "{[/error]}" onto public org.springframework.http.ResponseEntity<java.util.Map<java.lang.String, java.lang.Object>> org.springframework.boot.autoconfigure.web.BasicErrorController.error(javax.servlet.http.HttpServletRequest)
00:04:57.202 [main] INFO  o.s.w.s.m.m.a.RequestMappingHandlerMapping - Mapped "{[/error],produces=[text/html]}" onto public org.springframework.web.servlet.ModelAndView org.springframework.boot.autoconfigure.web.BasicErrorController.errorHtml(javax.servlet.http.HttpServletRequest,javax.servlet.http.HttpServletResponse)
00:04:57.384 [main] INFO  s.d.s.w.PropertySourcedRequestMappingHandlerMapping - Mapped URL path [/v2/api-docs] onto method [public org.springframework.http.ResponseEntity<springfox.documentation.spring.web.json.Json> springfox.documentation.swagger2.web.Swagger2Controller.getDocumentation(java.lang.String,javax.servlet.http.HttpServletRequest)]
00:04:57.655 [main] INFO  o.s.w.s.m.m.a.RequestMappingHandlerAdapter - Looking for @ControllerAdvice: org.springframework.boot.context.embedded.AnnotationConfigEmbeddedWebApplicationContext@64b0598: startup date [Wed Sep 02 00:04:54 CST 2020]; root of context hierarchy
00:04:57.729 [main] INFO  o.s.w.s.h.SimpleUrlHandlerMapping - Mapped URL path [/webjars/**] onto handler of type [class org.springframework.web.servlet.resource.ResourceHttpRequestHandler]
00:04:57.729 [main] INFO  o.s.w.s.h.SimpleUrlHandlerMapping - Mapped URL path [/**] onto handler of type [class org.springframework.web.servlet.resource.ResourceHttpRequestHandler]
00:04:57.774 [main] INFO  o.s.w.s.h.SimpleUrlHandlerMapping - Mapped URL path [/**/favicon.ico] onto handler of type [class org.springframework.web.servlet.resource.ResourceHttpRequestHandler]
00:04:58.029 [main] INFO  o.s.j.e.a.AnnotationMBeanExporter - Registering beans for JMX exposure on startup
00:04:58.037 [main] INFO  o.s.c.s.DefaultLifecycleProcessor - Starting beans in phase 2147483647
00:04:58.037 [main] INFO  s.d.s.w.p.DocumentationPluginsBootstrapper - Context refreshed
00:04:58.063 [main] INFO  s.d.s.w.p.DocumentationPluginsBootstrapper - Found 1 custom documentation plugin(s)
00:04:58.111 [main] INFO  s.d.s.w.s.ApiListingReferenceScanner - Scanning for api listing references
00:04:58.304 [main] INFO  o.a.coyote.http11.Http11NioProtocol - Initializing ProtocolHandler ["http-nio-8081"]
00:04:58.320 [main] INFO  o.a.coyote.http11.Http11NioProtocol - Starting ProtocolHandler ["http-nio-8081"]
00:04:58.422 [main] INFO  o.a.tomcat.util.net.NioSelectorPool - Using a shared selector for servlet write/read
00:04:58.451 [main] INFO  o.s.b.c.e.t.TomcatEmbeddedServletContainer - Tomcat started on port(s): 8081 (http)
00:04:58.457 [main] INFO  my.App - Started App in 4.645 seconds (JVM running for 5.444)
00:05:12.743 [http-nio-8081-exec-3] INFO  o.a.c.c.C.[Tomcat].[localhost].[/] - Initializing Spring FrameworkServlet 'dispatcherServlet'
00:05:12.743 [http-nio-8081-exec-3] INFO  o.s.web.servlet.DispatcherServlet - FrameworkServlet 'dispatcherServlet': initialization started
00:05:12.796 [http-nio-8081-exec-3] INFO  o.s.web.servlet.DispatcherServlet - FrameworkServlet 'dispatcherServlet': initialization completed in 52 ms
22:44:46.766 [main] INFO  my.App - Starting App on LAPTOP-QHEN0CES with PID 3952 (D:\pro\eclipsePro\myspringboot\swaggerdemo\target\classes started by wlg11 in D:\pro\eclipsePro\myspringboot\swaggerdemo)
22:44:46.768 [main] INFO  my.App - No active profile set, falling back to default profiles: default
22:44:46.809 [main] INFO  o.s.b.c.e.AnnotationConfigEmbeddedWebApplicationContext - Refreshing org.springframework.boot.context.embedded.AnnotationConfigEmbeddedWebApplicationContext@f2f2cc1: startup date [Wed Sep 02 22:44:46 CST 2020]; root of context hierarchy
22:44:47.029 [background-preinit] INFO  o.h.validator.internal.util.Version - HV000001: Hibernate Validator 5.3.6.Final
22:44:48.495 [main] INFO  o.s.b.c.e.t.TomcatEmbeddedServletContainer - Tomcat initialized with port(s): 8081 (http)
22:44:48.507 [main] INFO  o.a.catalina.core.StandardService - Starting service [Tomcat]
22:44:48.508 [main] INFO  o.a.catalina.core.StandardEngine - Starting Servlet Engine: Apache Tomcat/8.5.23
22:44:48.621 [localhost-startStop-1] INFO  o.a.c.c.C.[Tomcat].[localhost].[/] - Initializing Spring embedded WebApplicationContext
22:44:48.621 [localhost-startStop-1] INFO  o.s.web.context.ContextLoader - Root WebApplicationContext: initialization completed in 1812 ms
22:44:48.743 [localhost-startStop-1] INFO  o.s.b.w.s.ServletRegistrationBean - Mapping servlet: 'dispatcherServlet' to [/]
22:44:48.747 [localhost-startStop-1] INFO  o.s.b.w.s.FilterRegistrationBean - Mapping filter: 'characterEncodingFilter' to: [/*]
22:44:48.748 [localhost-startStop-1] INFO  o.s.b.w.s.FilterRegistrationBean - Mapping filter: 'hiddenHttpMethodFilter' to: [/*]
22:44:48.748 [localhost-startStop-1] INFO  o.s.b.w.s.FilterRegistrationBean - Mapping filter: 'httpPutFormContentFilter' to: [/*]
22:44:48.748 [localhost-startStop-1] INFO  o.s.b.w.s.FilterRegistrationBean - Mapping filter: 'requestContextFilter' to: [/*]
22:44:49.096 [main] INFO  o.s.w.s.m.m.a.RequestMappingHandlerMapping - Mapped "{[/getUser],methods=[GET]}" onto public my.db.User my.controller.UserController.getUser()
22:44:49.104 [main] INFO  o.s.w.s.m.m.a.RequestMappingHandlerMapping - Mapped "{[/swagger-resources/configuration/ui]}" onto public org.springframework.http.ResponseEntity<springfox.documentation.swagger.web.UiConfiguration> springfox.documentation.swagger.web.ApiResourceController.uiConfiguration()
22:44:49.104 [main] INFO  o.s.w.s.m.m.a.RequestMappingHandlerMapping - Mapped "{[/swagger-resources]}" onto public org.springframework.http.ResponseEntity<java.util.List<springfox.documentation.swagger.web.SwaggerResource>> springfox.documentation.swagger.web.ApiResourceController.swaggerResources()
22:44:49.105 [main] INFO  o.s.w.s.m.m.a.RequestMappingHandlerMapping - Mapped "{[/swagger-resources/configuration/security]}" onto public org.springframework.http.ResponseEntity<springfox.documentation.swagger.web.SecurityConfiguration> springfox.documentation.swagger.web.ApiResourceController.securityConfiguration()
22:44:49.109 [main] INFO  o.s.w.s.m.m.a.RequestMappingHandlerMapping - Mapped "{[/error]}" onto public org.springframework.http.ResponseEntity<java.util.Map<java.lang.String, java.lang.Object>> org.springframework.boot.autoconfigure.web.BasicErrorController.error(javax.servlet.http.HttpServletRequest)
22:44:49.109 [main] INFO  o.s.w.s.m.m.a.RequestMappingHandlerMapping - Mapped "{[/error],produces=[text/html]}" onto public org.springframework.web.servlet.ModelAndView org.springframework.boot.autoconfigure.web.BasicErrorController.errorHtml(javax.servlet.http.HttpServletRequest,javax.servlet.http.HttpServletResponse)
22:44:49.227 [main] INFO  s.d.s.w.PropertySourcedRequestMappingHandlerMapping - Mapped URL path [/v2/api-docs] onto method [public org.springframework.http.ResponseEntity<springfox.documentation.spring.web.json.Json> springfox.documentation.swagger2.web.Swagger2Controller.getDocumentation(java.lang.String,javax.servlet.http.HttpServletRequest)]
22:44:49.412 [main] INFO  o.s.w.s.m.m.a.RequestMappingHandlerAdapter - Looking for @ControllerAdvice: org.springframework.boot.context.embedded.AnnotationConfigEmbeddedWebApplicationContext@f2f2cc1: startup date [Wed Sep 02 22:44:46 CST 2020]; root of context hierarchy
22:44:49.455 [main] INFO  o.s.w.s.h.SimpleUrlHandlerMapping - Mapped URL path [/webjars/**] onto handler of type [class org.springframework.web.servlet.resource.ResourceHttpRequestHandler]
22:44:49.455 [main] INFO  o.s.w.s.h.SimpleUrlHandlerMapping - Mapped URL path [/**] onto handler of type [class org.springframework.web.servlet.resource.ResourceHttpRequestHandler]
22:44:49.479 [main] INFO  o.s.w.s.h.SimpleUrlHandlerMapping - Mapped URL path [/**/favicon.ico] onto handler of type [class org.springframework.web.servlet.resource.ResourceHttpRequestHandler]
22:44:49.577 [main] INFO  o.s.j.e.a.AnnotationMBeanExporter - Registering beans for JMX exposure on startup
22:44:49.582 [main] INFO  o.s.c.s.DefaultLifecycleProcessor - Starting beans in phase 2147483647
22:44:49.582 [main] INFO  s.d.s.w.p.DocumentationPluginsBootstrapper - Context refreshed
22:44:49.596 [main] INFO  s.d.s.w.p.DocumentationPluginsBootstrapper - Found 1 custom documentation plugin(s)
22:44:49.627 [main] INFO  s.d.s.w.s.ApiListingReferenceScanner - Scanning for api listing references
22:44:49.752 [main] INFO  o.a.coyote.http11.Http11NioProtocol - Initializing ProtocolHandler ["http-nio-8081"]
22:44:49.762 [main] INFO  o.a.coyote.http11.Http11NioProtocol - Starting ProtocolHandler ["http-nio-8081"]
22:44:49.776 [main] INFO  o.a.tomcat.util.net.NioSelectorPool - Using a shared selector for servlet write/read
22:44:49.792 [main] INFO  o.s.b.c.e.t.TomcatEmbeddedServletContainer - Tomcat started on port(s): 8081 (http)
22:44:49.796 [main] INFO  my.App - Started App in 3.256 seconds (JVM running for 3.702)
22:45:26.617 [http-nio-8081-exec-4] INFO  o.a.c.c.C.[Tomcat].[localhost].[/] - Initializing Spring FrameworkServlet 'dispatcherServlet'
22:45:26.618 [http-nio-8081-exec-4] INFO  o.s.web.servlet.DispatcherServlet - FrameworkServlet 'dispatcherServlet': initialization started
22:45:26.652 [http-nio-8081-exec-4] INFO  o.s.web.servlet.DispatcherServlet - FrameworkServlet 'dispatcherServlet': initialization completed in 34 ms
